<?xml version="1.0" encoding="UTF-8"?>
<testng-results ignored="0" total="1" passed="1" failed="0" skipped="0">
  <reporter-output>
  </reporter-output>
  <suite started-at="2022-01-19T08:52:09 PST" name="Default suite" finished-at="2022-01-19T08:52:21 PST" duration-ms="12156">
    <groups>
    </groups>
    <test started-at="2022-01-19T08:52:09 PST" name="Default test" finished-at="2022-01-19T08:52:21 PST" duration-ms="12156">
      <class name="test.Sample">
        <test-method signature="sample()[pri:0, instance:test.Sample@2cd2a21f]" started-at="2022-01-19T08:52:09 PST" name="sample" finished-at="2022-01-19T08:52:21 PST" duration-ms="12109" status="PASS">
          <reporter-output>
          </reporter-output>
        </test-method> <!-- sample -->
      </class> <!-- test.Sample -->
    </test> <!-- Default test -->
  </suite> <!-- Default suite -->
</testng-results>
