<?xml version="1.0" encoding="UTF-8"?>
<testng-results ignored="0" total="1" passed="1" failed="0" skipped="0">
  <reporter-output>
  </reporter-output>
  <suite started-at="2022-02-03T17:06:28 PST" name="Default suite" finished-at="2022-02-03T17:06:53 PST" duration-ms="24878">
    <groups>
    </groups>
    <test started-at="2022-02-03T17:06:28 PST" name="Default test" finished-at="2022-02-03T17:06:53 PST" duration-ms="24878">
      <class name="test.JenkinsTest">
        <test-method signature="sample()[pri:1, instance:test.JenkinsTest@69e1dd28]" started-at="2022-02-03T17:06:28 PST" name="sample" finished-at="2022-02-03T17:06:53 PST" duration-ms="24798" status="PASS">
          <reporter-output>
          </reporter-output>
        </test-method> <!-- sample -->
      </class> <!-- test.JenkinsTest -->
    </test> <!-- Default test -->
  </suite> <!-- Default suite -->
</testng-results>
